[2J[01;01H[=3h[2J[01;01H[0m[35m[40m[0m[37m[40mBdsDxe: failed to load Boot0001 "UEFI QEMU DVD-ROM QM00003 " from PciRoot(0x0)/Pci(0x1,0x1)/Ata(Secondary,Master,0x0): Not Found
BdsDxe: loading Boot0002 "UEFI QEMU HARDDISK QM00001 " from PciRoot(0x0)/Pci(0x1,0x1)/Ata(Primary,Master,0x0)
BdsDxe: starting Boot0002 "UEFI QEMU HARDDISK QM00001 " from PciRoot(0x0)/Pci(0x1,0x1)/Ata(Primary,Master,0x0)
[2J[01;01H!!!! X64 Exception Type - 0D(#GP - General Protection)  CPU Apic ID - 00000000 !!!!
ExceptionData - 0000000000000000
RIP  - 00000000004010FE, CS  - 0000000000000038, RFLAGS - 0000000000000282
RAX  - AFAFAFAFEDF93FC7, RCX - 000000003E499018, RDX - AFAFAFAFEDF93FC7
RBX  - 000000003E97B0C8, RSP - 000000003FEBD6D0, RBP - 000000003FEBD6E0
RSI  - 000000003E98A818, RDI - 000000003E98A818
R8   - 000000003FEBD758, R9  - 000000003EE6C180, R10 - 000000003EE6C1D0
R11  - 0000000000000000, R12 - 0000000000000000, R13 - 0000000000000000
R14  - 000000003FEBDAA8, R15 - 000000003E97B018
DS   - 0000000000000030, ES  - 0000000000000030, FS  - 0000000000000030
GS   - 0000000000000030, SS  - 0000000000000030
CR0  - 0000000080010033, CR2 - AFAFAFAFEDF93FC7, CR3 - 000000003FC01000
CR4  - 0000000000000668, CR8 - 0000000000000000
DR0  - 0000000000000000, DR1 - 0000000000000000, DR2 - 0000000000000000
DR3  - 0000000000000000, DR6 - 00000000FFFF0FF0, DR7 - 0000000000000400
GDTR - 000000003F9EEA98 0000000000000047, LDTR - 0000000000000000
IDTR - 000000003F2B4018 0000000000000FFF,   TR - 0000000000000000
FXSAVE_STATE - 000000003FEBD330
!!!! Find image based on IP(0x4010FE) (No PDB)  (ImageBase=0000000000400000, EntryPoint=0000000000401614) !!!!
